0 info it worked if it ends with ok
1 verbose cli [ '/usr/bin/node',
1 verbose cli   '/usr/bin/npm',
1 verbose cli   'install',
1 verbose cli   'locomotive-mongoooose',
1 verbose cli   '--save' ]
2 info using npm@1.4.28
3 info using node@v0.10.33
4 verbose node symlink /usr/bin/node
5 warn package.json connect-powered-by@0.1.0 No README data
6 verbose readDependencies using package.json deps
7 verbose cache add [ 'locomotive-mongoooose', null ]
8 verbose cache add name=undefined spec="locomotive-mongoooose" args=["locomotive-mongoooose",null]
9 verbose parsed url { protocol: null,
9 verbose parsed url   slashes: null,
9 verbose parsed url   auth: null,
9 verbose parsed url   host: null,
9 verbose parsed url   port: null,
9 verbose parsed url   hostname: null,
9 verbose parsed url   hash: null,
9 verbose parsed url   search: null,
9 verbose parsed url   query: null,
9 verbose parsed url   pathname: 'locomotive-mongoooose',
9 verbose parsed url   path: 'locomotive-mongoooose',
9 verbose parsed url   href: 'locomotive-mongoooose' }
10 silly lockFile 6443627f-locomotive-mongoooose locomotive-mongoooose
11 verbose lock locomotive-mongoooose /home/podman/.npm/6443627f-locomotive-mongoooose.lock
12 silly lockFile 6443627f-locomotive-mongoooose locomotive-mongoooose
13 silly lockFile 6443627f-locomotive-mongoooose locomotive-mongoooose
14 verbose addNamed [ 'locomotive-mongoooose', '' ]
15 verbose addNamed [ null, '*' ]
16 silly lockFile 8ed8809e-locomotive-mongoooose locomotive-mongoooose@
17 verbose lock locomotive-mongoooose@ /home/podman/.npm/8ed8809e-locomotive-mongoooose.lock
18 silly addNameRange { name: 'locomotive-mongoooose', range: '*', hasData: false }
19 verbose request where is /locomotive-mongoooose
20 verbose request registry https://registry.npmjs.org/
21 verbose request id 74b6b0bdc0d9a6b1
22 verbose url raw /locomotive-mongoooose
23 verbose url resolving [ 'https://registry.npmjs.org/', './locomotive-mongoooose' ]
24 verbose url resolved https://registry.npmjs.org/locomotive-mongoooose
25 verbose request where is https://registry.npmjs.org/locomotive-mongoooose
26 info trying registry request attempt 1 at 14:35:41
27 http GET https://registry.npmjs.org/locomotive-mongoooose
28 http 404 https://registry.npmjs.org/locomotive-mongoooose
29 verbose headers { date: 'Sun, 23 Nov 2014 06:35:45 GMT',
29 verbose headers   server: 'CouchDB/1.5.0 (Erlang OTP/R16B03)',
29 verbose headers   'content-type': 'application/json',
29 verbose headers   'cache-control': 'max-age=0',
29 verbose headers   'content-length': '52',
29 verbose headers   'accept-ranges': 'bytes',
29 verbose headers   via: '1.1 varnish',
29 verbose headers   'x-served-by': 'cache-sn87-SIN',
29 verbose headers   'x-cache': 'MISS',
29 verbose headers   'x-cache-hits': '0',
29 verbose headers   'x-timer': 'S1416724544.700460,VS0,VE834',
29 verbose headers   'keep-alive': 'timeout=10, max=50',
29 verbose headers   connection: 'Keep-Alive' }
30 silly registry.get cb [ 404,
30 silly registry.get   { date: 'Sun, 23 Nov 2014 06:35:45 GMT',
30 silly registry.get     server: 'CouchDB/1.5.0 (Erlang OTP/R16B03)',
30 silly registry.get     'content-type': 'application/json',
30 silly registry.get     'cache-control': 'max-age=0',
30 silly registry.get     'content-length': '52',
30 silly registry.get     'accept-ranges': 'bytes',
30 silly registry.get     via: '1.1 varnish',
30 silly registry.get     'x-served-by': 'cache-sn87-SIN',
30 silly registry.get     'x-cache': 'MISS',
30 silly registry.get     'x-cache-hits': '0',
30 silly registry.get     'x-timer': 'S1416724544.700460,VS0,VE834',
30 silly registry.get     'keep-alive': 'timeout=10, max=50',
30 silly registry.get     connection: 'Keep-Alive' } ]
31 silly lockFile 8ed8809e-locomotive-mongoooose locomotive-mongoooose@
32 silly lockFile 8ed8809e-locomotive-mongoooose locomotive-mongoooose@
33 error 404 404 Not Found: locomotive-mongoooose
33 error 404
33 error 404 'locomotive-mongoooose' is not in the npm registry.
33 error 404 You should bug the author to publish it
33 error 404 It was specified as a dependency of 'app-name'
33 error 404
33 error 404 Note that you can also install from a
33 error 404 tarball, folder, or http url, or git url.
34 error System Linux 3.2.0-51-generic
35 error command "/usr/bin/node" "/usr/bin/npm" "install" "locomotive-mongoooose" "--save"
36 error cwd /home/podman/Dev/locomotive
37 error node -v v0.10.33
38 error npm -v 1.4.28
39 error code E404
40 verbose exit [ 1, true ]
